2024-06-20 21:42:39.817 +01:00 [WRN] Sensitive data logging is enabled. Log entries and exception messages may include sensitive application data; this mode should only be enabled during development.
2024-06-20 21:42:39.898 +01:00 [WRN] The entity type 'Address' is an optional dependent using table sharing without any required non shared property that could be used to identify whether the entity exists. If all nullable properties contain a null value in database then an object instance won't be created in the query. Add a required property to create instances with null values for other properties or mark the incoming navigation as required to always create an instance.
2024-06-20 21:42:39.916 +01:00 [WRN] No store type was specified for the decimal property 'Price' on entity type 'Dish'. This will cause values to be silently truncated if they do not fit in the default precision and scale. Explicitly specify the SQL server column type that can accommodate all the values in 'OnModelCreating' using 'HasColumnType', specify precision and scale using 'HasPrecision', or configure a value converter using 'HasConversion'.
2024-06-20 21:42:40.339 +01:00 [INF] Executed DbCommand (22ms) [Parameters=[], CommandType='"Text"', CommandTimeout='30']
SELECT 1
2024-06-20 21:42:40.516 +01:00 [INF] Executed DbCommand (6ms) [Parameters=[], CommandType='"Text"', CommandTimeout='30']
SELECT CASE
    WHEN EXISTS (
        SELECT 1
        FROM [Restaurants] AS [r]) THEN CAST(1 AS bit)
    ELSE CAST(0 AS bit)
END
2024-06-20 21:42:41.931 +01:00 [INF] HTTP GET /weatherforecast responded 404 in 1.2688 ms
2024-06-20 21:43:10.291 +01:00 [INF] Get all restaurants
2024-06-20 21:43:10.647 +01:00 [INF] Executed DbCommand (48ms) [Parameters=[], CommandType='"Text"', CommandTimeout='30']
SELECT [r].[Id], [r].[Category], [r].[ContactEmail], [r].[ContactNumber], [r].[Description], [r].[HasDelivery], [r].[Name], [r].[Address_City], [r].[Address_PostalCode], [r].[Address_Street]
FROM [Restaurants] AS [r]
2024-06-20 21:43:11.173 +01:00 [INF] HTTP GET /api/restaurants responded 200 in 1399.4861 ms
2024-06-20 21:43:14.359 +01:00 [INF] Getting restaurant 1
2024-06-20 21:43:15.037 +01:00 [INF] Executed DbCommand (68ms) [Parameters=[@__id_0='1'], CommandType='"Text"', CommandTimeout='30']
SELECT [t].[Id], [t].[Category], [t].[ContactEmail], [t].[ContactNumber], [t].[Description], [t].[HasDelivery], [t].[Name], [t].[Address_City], [t].[Address_PostalCode], [t].[Address_Street], [d].[Id], [d].[Description], [d].[KiloCalories], [d].[Name], [d].[Price], [d].[RestaurantId]
FROM (
    SELECT TOP(1) [r].[Id], [r].[Category], [r].[ContactEmail], [r].[ContactNumber], [r].[Description], [r].[HasDelivery], [r].[Name], [r].[Address_City], [r].[Address_PostalCode], [r].[Address_Street]
    FROM [Restaurants] AS [r]
    WHERE [r].[Id] = @__id_0
) AS [t]
LEFT JOIN [Dishes] AS [d] ON [t].[Id] = [d].[RestaurantId]
ORDER BY [t].[Id]
2024-06-20 21:43:15.173 +01:00 [INF] HTTP GET /api/restaurants/1 responded 200 in 976.0743 ms
